<?xml version="1.0" encoding="UTF-8" ?>
<testsuite tests="4" failures="2" name="testRunner.TestRun" time="131.107" errors="0" skipped="0">
  <properties>
    <property name="java.runtime.name" value="Java(TM) SE Runtime Environment"/>
    <property name="sun.boot.library.path" value="C:\Program Files\Java\jdk1.8.0_221\jre\bin"/>
    <property name="java.vm.version" value="25.221-b11"/>
    <property name="java.vm.vendor" value="Oracle Corporation"/>
    <property name="maven.multiModuleProjectDirectory" value="D:\Off Laptop\22thJuly2019Auto\nopCommerceV001_Cucumber"/>
    <property name="java.vendor.url" value="http://java.oracle.com/"/>
    <property name="path.separator" value=";"/>
    <property name="guice.disable.misplaced.annotation.check" value="true"/>
    <property name="java.vm.name" value="Java HotSpot(TM) 64-Bit Server VM"/>
    <property name="file.encoding.pkg" value="sun.io"/>
    <property name="user.script" value=""/>
    <property name="user.country" value="IN"/>
    <property name="sun.java.launcher" value="SUN_STANDARD"/>
    <property name="sun.os.patch.level" value=""/>
    <property name="java.vm.specification.name" value="Java Virtual Machine Specification"/>
    <property name="user.dir" value="D:\Off Laptop\22thJuly2019Auto\nopCommerceV001_Cucumber"/>
    <property name="java.runtime.version" value="1.8.0_221-b11"/>
    <property name="java.awt.graphicsenv" value="sun.awt.Win32GraphicsEnvironment"/>
    <property name="java.endorsed.dirs" value="C:\Program Files\Java\jdk1.8.0_221\jre\lib\endorsed"/>
    <property name="os.arch" value="amd64"/>
    <property name="java.io.tmpdir" value="C:\Users\SHANKA~1\AppData\Local\Temp\"/>
    <property name="line.separator" value="
"/>
    <property name="java.vm.specification.vendor" value="Oracle Corporation"/>
    <property name="user.variant" value=""/>
    <property name="os.name" value="Windows 10"/>
    <property name="classworlds.conf" value="D:\Documents\MAVEN_HOME\bin\..\bin\m2.conf"/>
    <property name="sun.jnu.encoding" value="Cp1252"/>
    <property name="java.library.path" value="C:\Program Files\Java\jdk1.8.0_221\bin;C:\WINDOWS\Sun\Java\bin;C:\WINDOWS\system32;C:\WINDOWS;C:\Program Files (x86)\Common Files\Oracle\Java\javapath;C:\WINDOWS\system32;C:\WINDOWS;C:\WINDOWS\System32\Wbem;C:\WINDOWS\System32\WindowsPowerShell\v1.0\;C:\WINDOWS\System32\OpenSSH\;C:\Program Files\TortoiseSVN\bin;C:\Program Files\nodejs\;C:\Program Files\Java\jdk1.8.0_221\bin;D:\Documents\Selenium Docs\chromedriver.exe;D:\Documents\GitINstallPath\Git\cmd;D:\Documents\MAVEN_HOME\\bin;C:\Users\shankargoit\AppData\Local\Microsoft\WindowsApps;C:\Users\shankargoit\AppData\Roaming\npm;C:\Program Files\JetBrains\IntelliJ IDEA 2019.2.3\bin;;."/>
    <property name="maven.conf" value="D:\Documents\MAVEN_HOME\bin\../conf"/>
    <property name="java.specification.name" value="Java Platform API Specification"/>
    <property name="java.class.version" value="52.0"/>
    <property name="sun.management.compiler" value="HotSpot 64-Bit Tiered Compilers"/>
    <property name="os.version" value="10.0"/>
    <property name="library.jansi.path" value="D:\Documents\MAVEN_HOME\bin\..\lib\jansi-native"/>
    <property name="user.home" value="C:\Users\shankargoit"/>
    <property name="user.timezone" value="Asia/Calcutta"/>
    <property name="java.awt.printerjob" value="sun.awt.windows.WPrinterJob"/>
    <property name="java.specification.version" value="1.8"/>
    <property name="file.encoding" value="Cp1252"/>
    <property name="user.name" value="shankargoit"/>
    <property name="java.class.path" value="D:\Documents\MAVEN_HOME\bin\..\boot\plexus-classworlds-2.6.0.jar"/>
    <property name="java.vm.specification.version" value="1.8"/>
    <property name="sun.arch.data.model" value="64"/>
    <property name="java.home" value="C:\Program Files\Java\jdk1.8.0_221\jre"/>
    <property name="sun.java.command" value="org.codehaus.plexus.classworlds.launcher.Launcher clean install"/>
    <property name="java.specification.vendor" value="Oracle Corporation"/>
    <property name="user.language" value="en"/>
    <property name="awt.toolkit" value="sun.awt.windows.WToolkit"/>
    <property name="java.vm.info" value="mixed mode"/>
    <property name="java.version" value="1.8.0_221"/>
    <property name="java.ext.dirs" value="C:\Program Files\Java\jdk1.8.0_221\jre\lib\ext;C:\WINDOWS\Sun\Java\lib\ext"/>
    <property name="sun.boot.class.path" value="C:\Program Files\Java\jdk1.8.0_221\jre\lib\resources.jar;C:\Program Files\Java\jdk1.8.0_221\jre\lib\rt.jar;C:\Program Files\Java\jdk1.8.0_221\jre\lib\sunrsasign.jar;C:\Program Files\Java\jdk1.8.0_221\jre\lib\jsse.jar;C:\Program Files\Java\jdk1.8.0_221\jre\lib\jce.jar;C:\Program Files\Java\jdk1.8.0_221\jre\lib\charsets.jar;C:\Program Files\Java\jdk1.8.0_221\jre\lib\jfr.jar;C:\Program Files\Java\jdk1.8.0_221\jre\classes"/>
    <property name="sun.stderr.encoding" value="cp437"/>
    <property name="java.vendor" value="Oracle Corporation"/>
    <property name="maven.home" value="D:\Documents\MAVEN_HOME\bin\.."/>
    <property name="file.separator" value="\"/>
    <property name="java.vendor.url.bug" value="http://bugreport.sun.com/bugreport/"/>
    <property name="sun.cpu.endian" value="little"/>
    <property name="sun.io.unicode.encoding" value="UnicodeLittle"/>
    <property name="sun.stdout.encoding" value="cp437"/>
    <property name="sun.desktop" value="windows"/>
    <property name="sun.cpu.isalist" value="amd64"/>
  </properties>
  <testcase classname="Login" name="Login DataDriven validation" time="38.471"/>
  <testcase classname="Login" name="Login DataDriven validation" time="27.455">
    <failure message="expected:&lt;[Dashboard / nopCommerce administratio]n&gt; but was:&lt;[Your store. Logi]n&gt;" type="org.junit.ComparisonFailure">org.junit.ComparisonFailure: expected:&lt;[Dashboard / nopCommerce administratio]n&gt; but was:&lt;[Your store. Logi]n&gt;
	at org.junit.Assert.assertEquals(Assert.java:115)
	at org.junit.Assert.assertEquals(Assert.java:144)
	at stepsDefenitions.LoginPageSteps.page_title_should_be(LoginPageSteps.java:63)
	at ✽.page title should be &quot;Dashboard / nopCommerce administration&quot;(file:Features/Login.feature:21)
</failure>
    <system-out>
  @regression
  Scenario Outline: Login DataDriven validation                        # Features/Login.feature:30
 INFO [main] (LoginPageSteps.java:28)- ----------------Launching the Browser
    Given user launch chrome browser                                   # LoginPageSteps.user_launch_chrome_browser()
 INFO [main] (LoginPageSteps.java:34)- ----------------Opening the URL
    When user open URL &quot;https://admin-demo.nopcommerce.com/login&quot;      # LoginPageSteps.user_open_URL(String)
 INFO [main] (LoginPageSteps.java:40)- ------------Providing the Username----------------
 INFO [main] (LoginPageSteps.java:43)- ------------Providing the Password----------------
    And user enters EmailId as &quot;admin@123&quot; and password as &quot;admin123&quot;  # LoginPageSteps.user_enters_EmailId_as_and_password_as(String,String)
 INFO [main] (LoginPageSteps.java:48)- ------------Clicking on Login Button----------------
    And click on login                                                 # LoginPageSteps.click_on_login()
    Then page title should be &quot;Dashboard / nopCommerce administration&quot; # LoginPageSteps.page_title_should_be(String)
      org.junit.ComparisonFailure: expected:&lt;[Dashboard / nopCommerce administratio]n&gt; but was:&lt;[Your store. Logi]n&gt;
	at org.junit.Assert.assertEquals(Assert.java:115)
	at org.junit.Assert.assertEquals(Assert.java:144)
	at stepsDefenitions.LoginPageSteps.page_title_should_be(LoginPageSteps.java:63)
	at ?.page title should be &quot;Dashboard / nopCommerce administration&quot;(file:Features/Login.feature:21)

    When user click on logout link                                     # LoginPageSteps.user_click_on_logout_link()
    Then page title should be &quot;Your store. Login&quot;                      # LoginPageSteps.page_title_should_be(String)
    And close browser                                                  # LoginPageSteps.close_browser()
</system-out>
    <system-err>Starting ChromeDriver 79.0.3945.36 (3582db32b33893869b8c1339e8f4d9ed1816f143-refs/branch-heads/3945@{#614}) on port 17867
Only local connections are allowed.
Please protect ports used by ChromeDriver and related test frameworks to prevent access by malicious code.
[1578705788.782][WARNING]: Timed out connecting to Chrome, retrying...
Jan 11, 2020 6:53:10 AM org.openqa.selenium.remote.ProtocolHandshake createSession
INFO: Detected dialect: W3C
</system-err>
  </testcase>
  <testcase classname="Login" name="Login DataDriven validation" time="27.616">
    <failure message="expected:&lt;[Dashboard / nopCommerce administratio]n&gt; but was:&lt;[Your store. Logi]n&gt;" type="org.junit.ComparisonFailure">org.junit.ComparisonFailure: expected:&lt;[Dashboard / nopCommerce administratio]n&gt; but was:&lt;[Your store. Logi]n&gt;
	at org.junit.Assert.assertEquals(Assert.java:115)
	at org.junit.Assert.assertEquals(Assert.java:144)
	at stepsDefenitions.LoginPageSteps.page_title_should_be(LoginPageSteps.java:63)
	at ✽.page title should be &quot;Dashboard / nopCommerce administration&quot;(file:Features/Login.feature:21)
</failure>
    <system-out>
  @regression
  Scenario Outline: Login DataDriven validation                        # Features/Login.feature:31
 INFO [main] (LoginPageSteps.java:28)- ----------------Launching the Browser
    Given user launch chrome browser                                   # LoginPageSteps.user_launch_chrome_browser()
 INFO [main] (LoginPageSteps.java:34)- ----------------Opening the URL
    When user open URL &quot;https://admin-demo.nopcommerce.com/login&quot;      # LoginPageSteps.user_open_URL(String)
 INFO [main] (LoginPageSteps.java:40)- ------------Providing the Username----------------
 INFO [main] (LoginPageSteps.java:43)- ------------Providing the Password----------------
    And user enters EmailId as &quot;admin@sapp&quot; and password as &quot;admin&quot;    # LoginPageSteps.user_enters_EmailId_as_and_password_as(String,String)
 INFO [main] (LoginPageSteps.java:48)- ------------Clicking on Login Button----------------
    And click on login                                                 # LoginPageSteps.click_on_login()
    Then page title should be &quot;Dashboard / nopCommerce administration&quot; # LoginPageSteps.page_title_should_be(String)
      org.junit.ComparisonFailure: expected:&lt;[Dashboard / nopCommerce administratio]n&gt; but was:&lt;[Your store. Logi]n&gt;
	at org.junit.Assert.assertEquals(Assert.java:115)
	at org.junit.Assert.assertEquals(Assert.java:144)
	at stepsDefenitions.LoginPageSteps.page_title_should_be(LoginPageSteps.java:63)
	at ?.page title should be &quot;Dashboard / nopCommerce administration&quot;(file:Features/Login.feature:21)

    When user click on logout link                                     # LoginPageSteps.user_click_on_logout_link()
    Then page title should be &quot;Your store. Login&quot;                      # LoginPageSteps.page_title_should_be(String)
    And close browser                                                  # LoginPageSteps.close_browser()
</system-out>
    <system-err>Starting ChromeDriver 79.0.3945.36 (3582db32b33893869b8c1339e8f4d9ed1816f143-refs/branch-heads/3945@{#614}) on port 6567
Only local connections are allowed.
Please protect ports used by ChromeDriver and related test frameworks to prevent access by malicious code.
[1578705816.187][WARNING]: Timed out connecting to Chrome, retrying...
Jan 11, 2020 6:53:38 AM org.openqa.selenium.remote.ProtocolHandshake createSession
INFO: Detected dialect: W3C
</system-err>
  </testcase>
  <testcase classname="Login" name="Login DataDriven validation" time="37.565"/>
</testsuite>